<?xml version="1.0" encoding="UTF-8"?>
<!-- Generated by org.testng.reporters.JUnitReportReporter -->
<testsuite skipped="0" hostname="MURALI-PC" name="mvnpractice.Mvnpractice" tests="2" failures="0" timestamp="20 Jul 2017 10:08:38 GMT" time="12.654" errors="0">
  <testcase name="launchgmail" time="6.887" classname="mvnpractice.Mvnpractice"/>
  <testcase name="signin" time="5.767" classname="mvnpractice.Mvnpractice"/>
</testsuite> <!-- mvnpractice.Mvnpractice -->
