<?xml version="1.0" encoding="UTF-8"?>
<!-- Generated by org.testng.reporters.JUnitReportReporter -->
<testsuite hostname="MURALI-PC" name="mvnpractice.Mvnpractice" tests="1" failures="0" timestamp="28 Jun 2017 15:49:36 GMT" time="3.904" errors="0">
  <testcase name="verifyGooglePageTittle" time="3.904" classname="mvnpractice.Mvnpractice"/>
</testsuite> <!-- mvnpractice.Mvnpractice -->
